[21-May-2025 20:40:06 UTC] PHP Notice:  Function _load_textdomain_just_in_time was called <strong>incorrectly</strong>. Translation loading for the <code>acf</code> domain was triggered too early. This is usually an indicator for some code in the plugin or theme running too early. Translations should be loaded at the <code>init</code> action or later. Please see <a href="https://developer.wordpress.org/advanced-administration/debug/debug-wordpress/">Debugging in WordPress</a> for more information. (This message was added in version 6.7.0.) in /www/wwwroot/pdev.fabishomelab.com/wp-includes/functions.php on line 6121
[21-May-2025 20:40:06 UTC] handle_user_access_control function called for general URL: /
[21-May-2025 20:40:07 UTC] PHP Notice:  Function _load_textdomain_just_in_time was called <strong>incorrectly</strong>. Translation loading for the <code>acf</code> domain was triggered too early. This is usually an indicator for some code in the plugin or theme running too early. Translations should be loaded at the <code>init</code> action or later. Please see <a href="https://developer.wordpress.org/advanced-administration/debug/debug-wordpress/">Debugging in WordPress</a> for more information. (This message was added in version 6.7.0.) in /www/wwwroot/pdev.fabishomelab.com/wp-includes/functions.php on line 6121
[21-May-2025 20:40:08 UTC] handle_user_access_control function called for general URL: /tag/color-levers/
[21-May-2025 20:40:14 UTC] PHP Notice:  Function _load_textdomain_just_in_time was called <strong>incorrectly</strong>. Translation loading for the <code>acf</code> domain was triggered too early. This is usually an indicator for some code in the plugin or theme running too early. Translations should be loaded at the <code>init</code> action or later. Please see <a href="https://developer.wordpress.org/advanced-administration/debug/debug-wordpress/">Debugging in WordPress</a> for more information. (This message was added in version 6.7.0.) in /www/wwwroot/pdev.fabishomelab.com/wp-includes/functions.php on line 6121
[21-May-2025 20:40:14 UTC] handle_user_access_control function called for general URL: /shop/
[21-May-2025 20:40:15 UTC] PHP Deprecated:  preg_replace(): Passing null to parameter #3 ($subject) of type array|string is deprecated in /www/wwwroot/pdev.fabishomelab.com/wp-includes/kses.php on line 1807
[21-May-2025 20:40:19 UTC] PHP Notice:  Function _load_textdomain_just_in_time was called <strong>incorrectly</strong>. Translation loading for the <code>acf</code> domain was triggered too early. This is usually an indicator for some code in the plugin or theme running too early. Translations should be loaded at the <code>init</code> action or later. Please see <a href="https://developer.wordpress.org/advanced-administration/debug/debug-wordpress/">Debugging in WordPress</a> for more information. (This message was added in version 6.7.0.) in /www/wwwroot/pdev.fabishomelab.com/wp-includes/functions.php on line 6121
[21-May-2025 20:40:20 UTC] handle_user_access_control function called for general URL: /product/the-piped-peony-essential-flower-piping-kit-tuned/?_wpnonce=a3293ba5f1
[21-May-2025 20:40:22 UTC] PHP Notice:  Function _load_textdomain_just_in_time was called <strong>incorrectly</strong>. Translation loading for the <code>acf</code> domain was triggered too early. This is usually an indicator for some code in the plugin or theme running too early. Translations should be loaded at the <code>init</code> action or later. Please see <a href="https://developer.wordpress.org/advanced-administration/debug/debug-wordpress/">Debugging in WordPress</a> for more information. (This message was added in version 6.7.0.) in /www/wwwroot/pdev.fabishomelab.com/wp-includes/functions.php on line 6121
[21-May-2025 20:40:23 UTC] handle_user_access_control function called for general URL: /wp-admin/admin-ajax.php
[21-May-2025 20:40:23 UTC] PHP Notice:  Function _load_textdomain_just_in_time was called <strong>incorrectly</strong>. Translation loading for the <code>acf</code> domain was triggered too early. This is usually an indicator for some code in the plugin or theme running too early. Translations should be loaded at the <code>init</code> action or later. Please see <a href="https://developer.wordpress.org/advanced-administration/debug/debug-wordpress/">Debugging in WordPress</a> for more information. (This message was added in version 6.7.0.) in /www/wwwroot/pdev.fabishomelab.com/wp-includes/functions.php on line 6121
[21-May-2025 20:40:23 UTC] handle_user_access_control function called for general URL: /cart/
[21-May-2025 20:40:23 UTC] Cart Page Nonce Created: 9d98fc5802
[21-May-2025 20:40:24 UTC] PHP Notice:  Function _load_textdomain_just_in_time was called <strong>incorrectly</strong>. Translation loading for the <code>acf</code> domain was triggered too early. This is usually an indicator for some code in the plugin or theme running too early. Translations should be loaded at the <code>init</code> action or later. Please see <a href="https://developer.wordpress.org/advanced-administration/debug/debug-wordpress/">Debugging in WordPress</a> for more information. (This message was added in version 6.7.0.) in /www/wwwroot/pdev.fabishomelab.com/wp-includes/functions.php on line 6121
[21-May-2025 20:40:24 UTC] handle_user_access_control function called for general URL: /wp-admin/admin-ajax.php
[21-May-2025 20:40:26 UTC] PHP Notice:  Function _load_textdomain_just_in_time was called <strong>incorrectly</strong>. Translation loading for the <code>acf</code> domain was triggered too early. This is usually an indicator for some code in the plugin or theme running too early. Translations should be loaded at the <code>init</code> action or later. Please see <a href="https://developer.wordpress.org/advanced-administration/debug/debug-wordpress/">Debugging in WordPress</a> for more information. (This message was added in version 6.7.0.) in /www/wwwroot/pdev.fabishomelab.com/wp-includes/functions.php on line 6121
[21-May-2025 20:40:26 UTC] handle_user_access_control function called for general URL: /wp-admin/admin-ajax.php
[21-May-2025 20:40:26 UTC] [Cart Checkout] Guest checkout: Setting customer_creation to if_required.
[21-May-2025 20:40:26 UTC] [Cart Checkout] Setting Payment Intent Description: The Essential Flower Piping Kit, Tuned - right-handed
[21-May-2025 20:40:33 UTC] PHP Notice:  Function _load_textdomain_just_in_time was called <strong>incorrectly</strong>. Translation loading for the <code>acf</code> domain was triggered too early. This is usually an indicator for some code in the plugin or theme running too early. Translations should be loaded at the <code>init</code> action or later. Please see <a href="https://developer.wordpress.org/advanced-administration/debug/debug-wordpress/">Debugging in WordPress</a> for more information. (This message was added in version 6.7.0.) in /www/wwwroot/pdev.fabishomelab.com/wp-includes/functions.php on line 6121
[21-May-2025 20:40:34 UTC] handle_user_access_control function called for general URL: /tag/viva-magenta/
[21-May-2025 20:40:34 UTC] PHP Notice:  Function _load_textdomain_just_in_time was called <strong>incorrectly</strong>. Translation loading for the <code>acf</code> domain was triggered too early. This is usually an indicator for some code in the plugin or theme running too early. Translations should be loaded at the <code>init</code> action or later. Please see <a href="https://developer.wordpress.org/advanced-administration/debug/debug-wordpress/">Debugging in WordPress</a> for more information. (This message was added in version 6.7.0.) in /www/wwwroot/pdev.fabishomelab.com/wp-includes/functions.php on line 6121
[21-May-2025 20:40:35 UTC] handle_user_access_control function called for general URL: /wp-cron.php?doing_wp_cron=1747860034.1821770668029785156250
[21-May-2025 20:40:37 UTC] PHP Notice:  Function _load_textdomain_just_in_time was called <strong>incorrectly</strong>. Translation loading for the <code>acf</code> domain was triggered too early. This is usually an indicator for some code in the plugin or theme running too early. Translations should be loaded at the <code>init</code> action or later. Please see <a href="https://developer.wordpress.org/advanced-administration/debug/debug-wordpress/">Debugging in WordPress</a> for more information. (This message was added in version 6.7.0.) in /www/wwwroot/pdev.fabishomelab.com/wp-includes/functions.php on line 6121
[21-May-2025 20:40:37 UTC] handle_user_access_control function called for general URL: /courselevel/intermediate/category-accent-series-or-aster-series-or-flower-piping-series-or-the-carnation-series-or-the-peony-series-or-the-starter-series/
[21-May-2025 20:40:37 UTC] PHP Deprecated:  Automatic conversion of false to array is deprecated in /www/wwwroot/pdev.fabishomelab.com/wp-content/plugins/filter-everything-pro/pro/Admin/SeoRules.php on line 447
[21-May-2025 20:40:38 UTC] PHP Warning:  Undefined variable $term_name in /www/wwwroot/pdev.fabishomelab.com/wp-content/themes/hello-theme-child-master/taxonomy-courselevel.php on line 29
[21-May-2025 20:40:59 UTC] PHP Notice:  Function _load_textdomain_just_in_time was called <strong>incorrectly</strong>. Translation loading for the <code>acf</code> domain was triggered too early. This is usually an indicator for some code in the plugin or theme running too early. Translations should be loaded at the <code>init</code> action or later. Please see <a href="https://developer.wordpress.org/advanced-administration/debug/debug-wordpress/">Debugging in WordPress</a> for more information. (This message was added in version 6.7.0.) in /www/wwwroot/pdev.fabishomelab.com/wp-includes/functions.php on line 6121
[21-May-2025 20:41:00 UTC] handle_user_access_control function called for general URL: /tag/81/
[21-May-2025 20:41:07 UTC] PHP Notice:  Function _load_textdomain_just_in_time was called <strong>incorrectly</strong>. Translation loading for the <code>acf</code> domain was triggered too early. This is usually an indicator for some code in the plugin or theme running too early. Translations should be loaded at the <code>init</code> action or later. Please see <a href="https://developer.wordpress.org/advanced-administration/debug/debug-wordpress/">Debugging in WordPress</a> for more information. (This message was added in version 6.7.0.) in /www/wwwroot/pdev.fabishomelab.com/wp-includes/functions.php on line 6121
[21-May-2025 20:41:07 UTC] handle_user_access_control function called for general URL: /courselevel/intermediate/category-cake-decorating-series-or-other-flowers-series-or-recipe-series-or-the-carnation-series-or-the-mini-flower-series/
[21-May-2025 20:41:07 UTC] PHP Deprecated:  Automatic conversion of false to array is deprecated in /www/wwwroot/pdev.fabishomelab.com/wp-content/plugins/filter-everything-pro/pro/Admin/SeoRules.php on line 447
[21-May-2025 20:41:08 UTC] PHP Warning:  Undefined variable $term_name in /www/wwwroot/pdev.fabishomelab.com/wp-content/themes/hello-theme-child-master/taxonomy-courselevel.php on line 29
[21-May-2025 20:41:10 UTC] PHP Notice:  Function _load_textdomain_just_in_time was called <strong>incorrectly</strong>. Translation loading for the <code>acf</code> domain was triggered too early. This is usually an indicator for some code in the plugin or theme running too early. Translations should be loaded at the <code>init</code> action or later. Please see <a href="https://developer.wordpress.org/advanced-administration/debug/debug-wordpress/">Debugging in WordPress</a> for more information. (This message was added in version 6.7.0.) in /www/wwwroot/pdev.fabishomelab.com/wp-includes/functions.php on line 6121
[21-May-2025 20:41:11 UTC] handle_user_access_control function called for general URL: /wp-json/stripe/v1/webhook
[21-May-2025 20:41:18 UTC] PHP Notice:  Function _load_textdomain_just_in_time was called <strong>incorrectly</strong>. Translation loading for the <code>acf</code> domain was triggered too early. This is usually an indicator for some code in the plugin or theme running too early. Translations should be loaded at the <code>init</code> action or later. Please see <a href="https://developer.wordpress.org/advanced-administration/debug/debug-wordpress/">Debugging in WordPress</a> for more information. (This message was added in version 6.7.0.) in /www/wwwroot/pdev.fabishomelab.com/wp-includes/functions.php on line 6121
[21-May-2025 20:41:18 UTC] handle_user_access_control function called for general URL: /wp-json/stripe/v1/webhook
[21-May-2025 20:41:18 UTC] [Webhook] Processing checkout.session.completed: cs_test_a1VwDBjjnSnZL9l5INC1LJk8aIGXI7Q83vhgc17vXH5BSLzNZYdtUkHXHn
[21-May-2025 20:41:18 UTC] [Webhook] Customer Details from session: Stripe\StripeObject Object
(
    [address] => Stripe\StripeObject Object
        (
            [city] => salt lake city
            [country] => US
            [line1] => 1116s 900e
            [line2] => 
            [postal_code] => 84105
            [state] => UT
        )

    [email] => testtting@uniqueemail.com
    [name] => Fabian Almiron
    [phone] => +18014199773
    [tax_exempt] => none
    [tax_ids] => Array
        (
        )

)

[21-May-2025 20:41:18 UTC] [Webhook] session->customer_email is not set.
[21-May-2025 20:41:18 UTC] [Webhook] Email obtained from session->customer_details->email: testtting@uniqueemail.com
[21-May-2025 20:41:18 UTC] [Webhook] User not found by metadata ID, trying email: testtting@uniqueemail.com
[21-May-2025 20:41:18 UTC] [Webhook] User NOT found by email: testtting@uniqueemail.com
[21-May-2025 20:41:18 UTC] [Webhook] Checkout session completed but NO user found by metadata ID, email (testtting@uniqueemail.com), and NO valid registration token/data.
[21-May-2025 20:41:19 UTC] PHP Notice:  Function _load_textdomain_just_in_time was called <strong>incorrectly</strong>. Translation loading for the <code>acf</code> domain was triggered too early. This is usually an indicator for some code in the plugin or theme running too early. Translations should be loaded at the <code>init</code> action or later. Please see <a href="https://developer.wordpress.org/advanced-administration/debug/debug-wordpress/">Debugging in WordPress</a> for more information. (This message was added in version 6.7.0.) in /www/wwwroot/pdev.fabishomelab.com/wp-includes/functions.php on line 6121
[21-May-2025 20:41:20 UTC] handle_user_access_control function called for general URL: /wp-json/stripe/v1/webhook
[21-May-2025 20:41:20 UTC] PHP Notice:  Function _load_textdomain_just_in_time was called <strong>incorrectly</strong>. Translation loading for the <code>acf</code> domain was triggered too early. This is usually an indicator for some code in the plugin or theme running too early. Translations should be loaded at the <code>init</code> action or later. Please see <a href="https://developer.wordpress.org/advanced-administration/debug/debug-wordpress/">Debugging in WordPress</a> for more information. (This message was added in version 6.7.0.) in /www/wwwroot/pdev.fabishomelab.com/wp-includes/functions.php on line 6121
[21-May-2025 20:41:21 UTC] handle_user_access_control function called for general URL: /checkout-success?session_id=cs_test_a1VwDBjjnSnZL9l5INC1LJk8aIGXI7Q83vhgc17vXH5BSLzNZYdtUkHXHn
[21-May-2025 20:41:21 UTC] PHP Notice:  Function _load_textdomain_just_in_time was called <strong>incorrectly</strong>. Translation loading for the <code>acf</code> domain was triggered too early. This is usually an indicator for some code in the plugin or theme running too early. Translations should be loaded at the <code>init</code> action or later. Please see <a href="https://developer.wordpress.org/advanced-administration/debug/debug-wordpress/">Debugging in WordPress</a> for more information. (This message was added in version 6.7.0.) in /www/wwwroot/pdev.fabishomelab.com/wp-includes/functions.php on line 6121
[21-May-2025 20:41:21 UTC] PHP Notice:  Function _load_textdomain_just_in_time was called <strong>incorrectly</strong>. Translation loading for the <code>acf</code> domain was triggered too early. This is usually an indicator for some code in the plugin or theme running too early. Translations should be loaded at the <code>init</code> action or later. Please see <a href="https://developer.wordpress.org/advanced-administration/debug/debug-wordpress/">Debugging in WordPress</a> for more information. (This message was added in version 6.7.0.) in /www/wwwroot/pdev.fabishomelab.com/wp-includes/functions.php on line 6121
[21-May-2025 20:41:21 UTC] handle_user_access_control function called for general URL: /checkout-success/?session_id=cs_test_a1VwDBjjnSnZL9l5INC1LJk8aIGXI7Q83vhgc17vXH5BSLzNZYdtUkHXHn
[21-May-2025 20:41:22 UTC] [Checkout Success] Attempting to retrieve session ID: cs_test_a1VwDBjjnSnZL9l5INC1LJk8aIGXI7Q83vhgc17vXH5BSLzNZYdtUkHXHn
[21-May-2025 20:41:22 UTC] [Checkout Success] Setting API Key for session retrieval.
[21-May-2025 20:41:22 UTC] [Checkout Success] Retrieving session.
[21-May-2025 20:41:22 UTC] handle_user_access_control function called for general URL: /wp-json/stripe/v1/webhook
[21-May-2025 20:41:22 UTC] [Checkout Success] Session retrieved: cs_test_a1VwDBjjnSnZL9l5INC1LJk8aIGXI7Q83vhgc17vXH5BSLzNZYdtUkHXHn
[21-May-2025 20:41:22 UTC] [Checkout Success] Not a subscription or metadata check failed. is_subscription is FALSE. Metadata contents: Stripe\StripeObject Object
(
)
 | Checked contains_subscription: contains_subscription key not set in metadata.
[21-May-2025 20:41:22 UTC] [Checkout Success] Attempting to retrieve line items for session: cs_test_a1VwDBjjnSnZL9l5INC1LJk8aIGXI7Q83vhgc17vXH5BSLzNZYdtUkHXHn
[21-May-2025 20:41:22 UTC] [Checkout Success] Line items retrieved successfully.
[21-May-2025 20:41:22 UTC] [Checkout Success] Preparing to send email for session: cs_test_a1VwDBjjnSnZL9l5INC1LJk8aIGXI7Q83vhgc17vXH5BSLzNZYdtUkHXHn (Order Confirmation)
[21-May-2025 20:41:22 UTC] PHP Deprecated:  Calling get_class() without arguments is deprecated in /www/wwwroot/pdev.fabishomelab.com/wp-content/plugins/wp-mail-smtp/vendor_prefixed/google/apiclient/src/Http/REST.php on line 49
[21-May-2025 20:41:23 UTC] PHP Deprecated:  Calling get_class() without arguments is deprecated in /www/wwwroot/pdev.fabishomelab.com/wp-content/plugins/wp-mail-smtp/vendor_prefixed/google/apiclient/src/Http/REST.php on line 49
[21-May-2025 20:41:23 UTC] [Checkout Success] Order Confirmation email sent successfully to: testtting@uniqueemail.com (BCC:  tim@thepipedpeony.com)
[21-May-2025 20:41:25 UTC] PHP Notice:  Function _load_textdomain_just_in_time was called <strong>incorrectly</strong>. Translation loading for the <code>acf</code> domain was triggered too early. This is usually an indicator for some code in the plugin or theme running too early. Translations should be loaded at the <code>init</code> action or later. Please see <a href="https://developer.wordpress.org/advanced-administration/debug/debug-wordpress/">Debugging in WordPress</a> for more information. (This message was added in version 6.7.0.) in /www/wwwroot/pdev.fabishomelab.com/wp-includes/functions.php on line 6121
[21-May-2025 20:41:25 UTC] PHP Notice:  Function _load_textdomain_just_in_time was called <strong>incorrectly</strong>. Translation loading for the <code>acf</code> domain was triggered too early. This is usually an indicator for some code in the plugin or theme running too early. Translations should be loaded at the <code>init</code> action or later. Please see <a href="https://developer.wordpress.org/advanced-administration/debug/debug-wordpress/">Debugging in WordPress</a> for more information. (This message was added in version 6.7.0.) in /www/wwwroot/pdev.fabishomelab.com/wp-includes/functions.php on line 6121
[21-May-2025 20:41:25 UTC] handle_user_access_control function called for general URL: /tag/white-buttercream/
[21-May-2025 20:41:26 UTC] handle_user_access_control function called for general URL: /robots.txt
[21-May-2025 20:41:37 UTC] PHP Notice:  Function _load_textdomain_just_in_time was called <strong>incorrectly</strong>. Translation loading for the <code>acf</code> domain was triggered too early. This is usually an indicator for some code in the plugin or theme running too early. Translations should be loaded at the <code>init</code> action or later. Please see <a href="https://developer.wordpress.org/advanced-administration/debug/debug-wordpress/">Debugging in WordPress</a> for more information. (This message was added in version 6.7.0.) in /www/wwwroot/pdev.fabishomelab.com/wp-includes/functions.php on line 6121
[21-May-2025 20:41:38 UTC] handle_user_access_control function called for general URL: /courselevel/intermediate/category-accent-series-or-aster-series-or-cake-decorating-series-or-designs-series-or-recipe-series-or-the-carnation-series-or-the-rose-series/
[21-May-2025 20:41:38 UTC] PHP Deprecated:  Automatic conversion of false to array is deprecated in /www/wwwroot/pdev.fabishomelab.com/wp-content/plugins/filter-everything-pro/pro/Admin/SeoRules.php on line 447
[21-May-2025 20:41:38 UTC] PHP Notice:  Function _load_textdomain_just_in_time was called <strong>incorrectly</strong>. Translation loading for the <code>acf</code> domain was triggered too early. This is usually an indicator for some code in the plugin or theme running too early. Translations should be loaded at the <code>init</code> action or later. Please see <a href="https://developer.wordpress.org/advanced-administration/debug/debug-wordpress/">Debugging in WordPress</a> for more information. (This message was added in version 6.7.0.) in /www/wwwroot/pdev.fabishomelab.com/wp-includes/functions.php on line 6121
[21-May-2025 20:41:38 UTC] PHP Warning:  Undefined variable $term_name in /www/wwwroot/pdev.fabishomelab.com/wp-content/themes/hello-theme-child-master/taxonomy-courselevel.php on line 29
[21-May-2025 20:41:38 UTC] handle_user_access_control function called for general URL: /wp-cron.php?doing_wp_cron=1747860098.0854799747467041015625
[21-May-2025 20:41:39 UTC] PHP Notice:  Function _load_textdomain_just_in_time was called <strong>incorrectly</strong>. Translation loading for the <code>acf</code> domain was triggered too early. This is usually an indicator for some code in the plugin or theme running too early. Translations should be loaded at the <code>init</code> action or later. Please see <a href="https://developer.wordpress.org/advanced-administration/debug/debug-wordpress/">Debugging in WordPress</a> for more information. (This message was added in version 6.7.0.) in /www/wwwroot/pdev.fabishomelab.com/wp-includes/functions.php on line 6121
[21-May-2025 20:41:40 UTC] PHP Notice:  Function _load_textdomain_just_in_time was called <strong>incorrectly</strong>. Translation loading for the <code>acf</code> domain was triggered too early. This is usually an indicator for some code in the plugin or theme running too early. Translations should be loaded at the <code>init</code> action or later. Please see <a href="https://developer.wordpress.org/advanced-administration/debug/debug-wordpress/">Debugging in WordPress</a> for more information. (This message was added in version 6.7.0.) in /www/wwwroot/pdev.fabishomelab.com/wp-includes/functions.php on line 6121
[21-May-2025 20:41:41 UTC] handle_user_access_control function called for general URL: /wp-login.php?redirect_to=https%3A%2F%2Fpdev.fabishomelab.com%2Fmy-account%2F
